<?xml version="1.0" encoding="UTF-8"?>
<!-- Generated by org.testng.reporters.JUnitReportReporter -->
<testsuite hostname="SAGER" name="com.beust.kobalt.example.ATest" tests="2" failures="0" timestamp="20 Feb 2016 18:39:42 GMT" time="0.005" errors="0">
  <testcase name="works" time="0.000" classname="com.beust.kobalt.example.ATest"/>
  <testcase name="broken" time="0.005" classname="com.beust.kobalt.example.ATest"/>
</testsuite> <!-- com.beust.kobalt.example.ATest -->
